[38;5;0m[HTTP][0m [37m-->[39m [37mPOST[39m [37m/session[39m
[38;5;0m[HTTP][0m [90m{"capabilities":{"alwaysMatch":{"platformName":"Android","appium:deviceName":"Pixel_3a","appium:platformVersion":"14.0","appium:automationName":"Flutter","appium:app":"/Users/vigneshthangaraj/Downloads/android-real-debug.apk","appium:noReset":false},"firstMatch":[{}]},"desiredCapabilities":{"platformName":"Android","appium:deviceName":"Pixel_3a","appium:platformVersion":"14.0","appium:automationName":"Flutter","appium:app":"/Users/vigneshthangaraj/Downloads/android-real-debug.apk","appium:noReset":false}}[39m
[debug] [38;5;16m[AppiumDriver@83d8][0m Calling AppiumDriver.createSession() with args: [{"platformName":"Android","appium:deviceName":"Pixel_3a","appium:platformVersion":"14.0","appium:automationName":"Flutter","appium:app":"/Users/vigneshthangaraj/Downloads/android-real-debug.apk","appium:noReset":false},null,{"alwaysMatch":{"platformName":"Android","appium:deviceName":"Pixel_3a","appium:platformVersion":"14.0","appium:automationName":"Flutter","appium:app":"/Users/vigneshthangaraj/Downloads/android-real-debug.apk","appium:noReset":false},"firstMatch":[{}]}]
[debug] [38;5;16m[AppiumDriver@83d8][0m Event 'newSessionRequested' logged at 1696048121203 (09:58:41 GMT+0530 (India Standard Time))
[35m[Appium][39m Attempting to find matching driver for automationName 'Flutter' and platformName 'Android'
[35m[Appium][39m The 'flutter' driver was installed and matched caps.
[35m[Appium][39m Will require it at /Users/vigneshthangaraj/Documents/appium_flutter/node_modules/appium-flutter-driver
[debug] [35m[Appium][39m Requiring driver at /Users/vigneshthangaraj/Documents/appium_flutter/node_modules/appium-flutter-driver
[38;5;16m[AppiumDriver@83d8][0m Appium v2.1.3 creating new FlutterDriver (v2.0.0) session
[38;5;16m[AppiumDriver@83d8][0m Checking BaseDriver versions for Appium and FlutterDriver
[38;5;16m[AppiumDriver@83d8][0m Appium's BaseDriver version is 9.3.20
[38;5;16m[AppiumDriver@83d8][0m FlutterDriver's BaseDriver version is 9.3.20
[debug] [38;5;32m[FlutterDriver@55c7][0m Creating session with W3C capabilities: {
[debug] [38;5;32m[FlutterDriver@55c7][0m   "alwaysMatch": {
[debug] [38;5;32m[FlutterDriver@55c7][0m     "platformName": "Android",
[debug] [38;5;32m[FlutterDriver@55c7][0m     "appium:deviceName": "Pixel_3a",
[debug] [38;5;32m[FlutterDriver@55c7][0m     "appium:platformVersion": "14.0",
[debug] [38;5;32m[FlutterDriver@55c7][0m     "appium:automationName": "Flutter",
[debug] [38;5;32m[FlutterDriver@55c7][0m     "appium:app": "/Users/vigneshthangaraj/Downloads/android-real-debug.apk",
[debug] [38;5;32m[FlutterDriver@55c7][0m     "appium:noReset": false
[debug] [38;5;32m[FlutterDriver@55c7][0m   },
[debug] [38;5;32m[FlutterDriver@55c7][0m   "firstMatch": [
[debug] [38;5;32m[FlutterDriver@55c7][0m     {}
[debug] [38;5;32m[FlutterDriver@55c7][0m   ]
[debug] [38;5;32m[FlutterDriver@55c7][0m }
[38;5;32m[FlutterDriver@55c7][0m The following capabilities were provided, but are not recognized by Appium:
[38;5;32m[FlutterDriver@55c7][0m   deviceName
[38;5;32m[FlutterDriver@55c7 (069c1d13)][0m Session created with session id: 069c1d13-8fa0-4349-93ae-183f704d4f22
[38;5;48m[FlutterDriver][0m Starting an Android proxy session
[debug] [38;5;64m[AndroidUiautomator2Driver@cda0][0m Creating session with W3C capabilities: {
[debug] [38;5;64m[AndroidUiautomator2Driver@cda0][0m   "alwaysMatch": {
[debug] [38;5;64m[AndroidUiautomator2Driver@cda0][0m     "platformName": "Android",
[debug] [38;5;64m[AndroidUiautomator2Driver@cda0][0m     "appium:deviceName": "Pixel_3a",
[debug] [38;5;64m[AndroidUiautomator2Driver@cda0][0m     "appium:platformVersion": "14.0",
[debug] [38;5;64m[AndroidUiautomator2Driver@cda0][0m     "appium:automationName": "Flutter",
[debug] [38;5;64m[AndroidUiautomator2Driver@cda0][0m     "appium:app": "/Users/vigneshthangaraj/Downloads/android-real-debug.apk",
[debug] [38;5;64m[AndroidUiautomator2Driver@cda0][0m     "appium:noReset": false
[debug] [38;5;64m[AndroidUiautomator2Driver@cda0][0m   },
[debug] [38;5;64m[AndroidUiautomator2Driver@cda0][0m   "firstMatch": [
[debug] [38;5;64m[AndroidUiautomator2Driver@cda0][0m     {}
[debug] [38;5;64m[AndroidUiautomator2Driver@cda0][0m   ]
[debug] [38;5;64m[AndroidUiautomator2Driver@cda0][0m }
[38;5;64m[AndroidUiautomator2Driver@cda0][0m The following capabilities were provided, but are not recognized by Appium:
[38;5;64m[AndroidUiautomator2Driver@cda0][0m   deviceName
[38;5;64m[AndroidUiautomator2Driver@cda0 (228adf20)][0m Session created with session id: 228adf20-4122-461b-a5c7-8d187e60dbf7
[38;5;80m[BaseDriver][0m Using local app '/Users/vigneshthangaraj/Downloads/android-real-debug.apk'
[debug] [38;5;64m[AndroidUiautomator2Driver@cda0 (228adf20)][0m Checking whether app is actually present
[38;5;96m[ADB][0m Found 2 'build-tools' folders under '/Users/vigneshthangaraj/Library/Android/sdk' (newest first):
[38;5;96m[ADB][0m     /Users/vigneshthangaraj/Library/Android/sdk/build-tools/34.0.0
[38;5;96m[ADB][0m     /Users/vigneshthangaraj/Library/Android/sdk/build-tools/33.0.1
[38;5;96m[ADB][0m Using 'adb' from '/Users/vigneshthangaraj/Library/Android/sdk/platform-tools/adb'
[debug] [38;5;96m[ADB][0m Running '/Users/vigneshthangaraj/Library/Android/sdk/platform-tools/adb -P 5037 start-server'
[38;5;112m[AndroidDriver][0m Retrieving device list
[debug] [38;5;96m[ADB][0m Trying to find connected Android devices
[debug] [38;5;96m[ADB][0m Getting connected devices
[debug] [38;5;96m[ADB][0m Connected devices: [{"udid":"emulator-5554","state":"device"}]
[38;5;112m[AndroidDriver][0m Looking for a device with Android '14.0.0'
[debug] [38;5;96m[ADB][0m Setting device id to emulator-5554
[38;5;96m[ADB][0m Getting device platform version
[debug] [38;5;96m[ADB][0m Running '/Users/vigneshthangaraj/Library/Android/sdk/platform-tools/adb -P 5037 -s emulator-5554 shell getprop ro.build.version.release'
[debug] [38;5;96m[ADB][0m Current device property 'ro.build.version.release': 14
[38;5;112m[AndroidDriver][0m Using device: emulator-5554
[38;5;96m[ADB][0m Using 'adb' from '/Users/vigneshthangaraj/Library/Android/sdk/platform-tools/adb'
[debug] [38;5;96m[ADB][0m Running '/Users/vigneshthangaraj/Library/Android/sdk/platform-tools/adb -P 5037 start-server'
[debug] [38;5;96m[ADB][0m Setting device id to emulator-5554
[debug] [38;5;96m[ADB][0m Running '/Users/vigneshthangaraj/Library/Android/sdk/platform-tools/adb -P 5037 -s emulator-5554 shell getprop ro.build.version.sdk'
[debug] [38;5;96m[ADB][0m Current device property 'ro.build.version.sdk': 34
[38;5;96m[ADB][0m Getting device platform version
[debug] [38;5;96m[ADB][0m Running '/Users/vigneshthangaraj/Library/Android/sdk/platform-tools/adb -P 5037 -s emulator-5554 shell getprop ro.build.version.release'
[debug] [38;5;96m[ADB][0m Current device property 'ro.build.version.release': 14
[debug] [38;5;96m[ADB][0m Device API level: 34
[38;5;64m[AndroidUiautomator2Driver@cda0 (228adf20)][0m Relaxing hidden api policy
[debug] [38;5;96m[ADB][0m Running '/Users/vigneshthangaraj/Library/Android/sdk/platform-tools/adb -P 5037 -s emulator-5554 shell 'settings put global hidden_api_policy_pre_p_apps 1;settings put global hidden_api_policy_p_apps 1;settings put global hidden_api_policy 1''
[debug] [38;5;112m[AndroidDriver][0m Parsing package and activity from app manifest
[38;5;96m[ADB][0m Package name: 'com.example.hello_world'
[38;5;96m[ADB][0m Main activity name: 'com.example.hello_world.MainActivity'
[debug] [38;5;112m[AndroidDriver][0m Parsed package and activity are: com.example.hello_world/com.example.hello_world.MainActivity
[debug] [38;5;96m[ADB][0m Running '/Users/vigneshthangaraj/Library/Android/sdk/platform-tools/adb -P 5037 -s emulator-5554 wait-for-device'
[debug] [38;5;96m[ADB][0m Running '/Users/vigneshthangaraj/Library/Android/sdk/platform-tools/adb -P 5037 -s emulator-5554 shell echo ping'
[debug] [38;5;112m[AndroidDriver][0m Pushing settings apk to device...
[debug] [38;5;96m[ADB][0m Getting package info for 'io.appium.settings'
[debug] [38;5;96m[ADB][0m Running '/Users/vigneshthangaraj/Library/Android/sdk/platform-tools/adb -P 5037 -s emulator-5554 shell dumpsys package io.appium.settings'
[debug] [38;5;96m[ADB][0m The version name of the installed 'io.appium.settings' is greater or equal to the application version name ('5.1.2' >= '5.1.2')
[debug] [38;5;96m[ADB][0m There is no need to install/upgrade '/Users/vigneshthangaraj/Documents/appium_flutter/node_modules/appium-flutter-driver/node_modules/io.appium.settings/apks/settings_apk-debug.apk'
[debug] [38;5;96m[ADB][0m Getting IDs of all 'io.appium.settings' processes
[debug] [38;5;96m[ADB][0m Running '/Users/vigneshthangaraj/Library/Android/sdk/platform-tools/adb -P 5037 -s emulator-5554 shell 'pgrep --help; echo $?''
[debug] [38;5;96m[ADB][0m Running '/Users/vigneshthangaraj/Library/Android/sdk/platform-tools/adb -P 5037 -s emulator-5554 shell pgrep -f \(\[\[:blank:\]\]\|\^\)io\.appium\.settings\(\[\[:blank:\]\]\|\$\)'
[debug] [38;5;112m[AndroidDriver][0m io.appium.settings is already running. There is no need to reset its permissions.
[debug] [38;5;128m[Logcat][0m Starting logs capture with command: /Users/vigneshthangaraj/Library/Android/sdk/platform-tools/adb -P 5037 -s emulator-5554 logcat -v threadtime
[debug] [38;5;64m[AndroidUiautomator2Driver@cda0 (228adf20)][0m Forwarding UiAutomator2 Server port 6790 to local port 8213
[debug] [38;5;96m[ADB][0m Forwarding system: 8213 to device: 6790
[debug] [38;5;96m[ADB][0m Running '/Users/vigneshthangaraj/Library/Android/sdk/platform-tools/adb -P 5037 -s emulator-5554 forward tcp:8213 tcp:6790'
[debug] [38;5;96m[ADB][0m Checking app cert for /Users/vigneshthangaraj/Documents/appium_flutter/node_modules/appium-flutter-driver/node_modules/appium-uiautomator2-server/apks/appium-uiautomator2-server-v5.12.5.apk
[debug] [38;5;96m[ADB][0m Checking app cert for /Users/vigneshthangaraj/Documents/appium_flutter/node_modules/appium-flutter-driver/node_modules/appium-uiautomator2-server/apks/appium-uiautomator2-server-debug-androidTest.apk
[38;5;96m[ADB][0m Using 'apksigner.jar' from '/Users/vigneshthangaraj/Library/Android/sdk/build-tools/34.0.0/lib/apksigner.jar'
[debug] [38;5;96m[ADB][0m Starting apksigner: /Library/Java/JavaVirtualMachines/jdk-21.jdk/Contents/Home/bin/java -Xmx1024M -Xss1m -jar /Users/vigneshthangaraj/Library/Android/sdk/build-tools/34.0.0/lib/apksigner.jar verify --print-certs /Users/vigneshthangaraj/Documents/appium_flutter/node_modules/appium-flutter-driver/node_modules/appium-uiautomator2-server/apks/appium-uiautomator2-server-debug-androidTest.apk
[debug] [38;5;96m[ADB][0m Starting apksigner: /Library/Java/JavaVirtualMachines/jdk-21.jdk/Contents/Home/bin/java -Xmx1024M -Xss1m -jar /Users/vigneshthangaraj/Library/Android/sdk/build-tools/34.0.0/lib/apksigner.jar verify --print-certs /Users/vigneshthangaraj/Documents/appium_flutter/node_modules/appium-flutter-driver/node_modules/appium-uiautomator2-server/apks/appium-uiautomator2-server-v5.12.5.apk
[debug] [38;5;96m[ADB][0m apksigner stdout: Signer #1 certificate DN: EMAILADDRESS=android@android.com, CN=Android, OU=Android, O=Android, L=Mountain View, ST=California, C=US
[debug] [38;5;96m[ADB][0m Signer #1 certificate SHA-256 digest: a40da80a59d170caa950cf15c18c454d47a39b26989d8b640ecd745ba71bf5dc
[debug] [38;5;96m[ADB][0m Signer #1 certificate SHA-1 digest: 61ed377e85d386a8dfee6b864bd85b0bfaa5af81
[debug] [38;5;96m[ADB][0m Signer #1 certificate MD5 digest: e89b158e4bcf988ebd09eb83f5378e87
[debug] [38;5;96m[ADB][0m 
[debug] [38;5;96m[ADB][0m sha256 hash did match for 'appium-uiautomator2-server-debug-androidTest.apk'
[38;5;96m[ADB][0m '/Users/vigneshthangaraj/Documents/appium_flutter/node_modules/appium-flutter-driver/node_modules/appium-uiautomator2-server/apks/appium-uiautomator2-server-debug-androidTest.apk' is signed with the default certificate
[debug] [38;5;96m[ADB][0m Getting install status for io.appium.uiautomator2.server.test
[debug] [38;5;96m[ADB][0m Running '/Users/vigneshthangaraj/Library/Android/sdk/platform-tools/adb -P 5037 -s emulator-5554 shell pm path io.appium.uiautomator2.server.test'
[debug] [38;5;96m[ADB][0m 'io.appium.uiautomator2.server.test' is installed
[debug] [38;5;96m[ADB][0m apksigner stdout: Signer #1 certificate DN: EMAILADDRESS=android@android.com, CN=Android, OU=Android, O=Android, L=Mountain View, ST=California, C=US
[debug] [38;5;96m[ADB][0m Signer #1 certificate SHA-256 digest: a40da80a59d170caa950cf15c18c454d47a39b26989d8b640ecd745ba71bf5dc
[debug] [38;5;96m[ADB][0m Signer #1 certificate SHA-1 digest: 61ed377e85d386a8dfee6b864bd85b0bfaa5af81
[debug] [38;5;96m[ADB][0m Signer #1 certificate MD5 digest: e89b158e4bcf988ebd09eb83f5378e87
[debug] [38;5;96m[ADB][0m 
[debug] [38;5;96m[ADB][0m sha256 hash did match for 'appium-uiautomator2-server-v5.12.5.apk'
[38;5;96m[ADB][0m '/Users/vigneshthangaraj/Documents/appium_flutter/node_modules/appium-flutter-driver/node_modules/appium-uiautomator2-server/apks/appium-uiautomator2-server-v5.12.5.apk' is signed with the default certificate
[debug] [38;5;96m[ADB][0m Getting package info for 'io.appium.uiautomator2.server'
[debug] [38;5;96m[ADB][0m Running '/Users/vigneshthangaraj/Library/Android/sdk/platform-tools/adb -P 5037 -s emulator-5554 shell dumpsys package io.appium.uiautomator2.server'
[debug] [38;5;96m[ADB][0m The version code of the installed 'io.appium.uiautomator2.server' is greater than the application version code (133 > 132)
[debug] [38;5;64m[AndroidUiautomator2Driver@cda0 (228adf20)][0m Server packages status: [{"wasSigned":true,"installState":"newerVersionInstalled","appPath":"/Users/vigneshthangaraj/Documents/appium_flutter/node_modules/appium-flutter-driver/node_modules/appium-uiautomator2-server/apks/appium-uiautomator2-server-v5.12.5.apk","appId":"io.appium.uiautomator2.server"},{"wasSigned":true,"installState":"sameVersionInstalled","appPath":"/Users/vigneshthangaraj/Documents/appium_flutter/node_modules/appium-flutter-driver/node_modules/appium-uiautomator2-server/apks/appium-uiautomator2-server-debug-androidTest.apk","appId":"io.appium.uiautomator2.server.test"}]
[38;5;64m[AndroidUiautomator2Driver@cda0 (228adf20)][0m Server packages are not going to be (re)installed
[debug] [38;5;64m[AndroidUiautomator2Driver@cda0 (228adf20)][0m Waiting up to 30000ms for services to be available
[debug] [38;5;96m[ADB][0m Running '/Users/vigneshthangaraj/Library/Android/sdk/platform-tools/adb -P 5037 -s emulator-5554 shell pm list instrumentation'
[debug] [38;5;64m[AndroidUiautomator2Driver@cda0 (228adf20)][0m Instrumentation target 'io.appium.uiautomator2.server.test/androidx.test.runner.AndroidJUnitRunner' is available
[38;5;96m[ADB][0m Adding packages ["io.appium.settings","io.appium.uiautomator2.server","io.appium.uiautomator2.server.test"] to Doze whitelist
[debug] [38;5;96m[ADB][0m Got the following command chunks to execute: [["dumpsys","deviceidle","whitelist","+io.appium.settings",";","dumpsys","deviceidle","whitelist","+io.appium.uiautomator2.server",";","dumpsys","deviceidle","whitelist","+io.appium.uiautomator2.server.test",";"]]
[debug] [38;5;96m[ADB][0m Running '/Users/vigneshthangaraj/Library/Android/sdk/platform-tools/adb -P 5037 -s emulator-5554 shell dumpsys deviceidle whitelist +io.appium.settings ; dumpsys deviceidle whitelist +io.appium.uiautomator2.server ; dumpsys deviceidle whitelist +io.appium.uiautomator2.server.test ;'
[debug] [38;5;96m[ADB][0m Checking app cert for /Users/vigneshthangaraj/Downloads/android-real-debug.apk
[debug] [38;5;96m[ADB][0m Starting apksigner: /Library/Java/JavaVirtualMachines/jdk-21.jdk/Contents/Home/bin/java -Xmx1024M -Xss1m -jar /Users/vigneshthangaraj/Library/Android/sdk/build-tools/34.0.0/lib/apksigner.jar verify --print-certs /Users/vigneshthangaraj/Downloads/android-real-debug.apk
[debug] [38;5;96m[ADB][0m apksigner stdout: Signer #1 certificate DN: EMAILADDRESS=android@android.com, CN=Android, OU=Android, O=Android, L=Mountain View, ST=California, C=US
[debug] [38;5;96m[ADB][0m Signer #1 certificate SHA-256 digest: a40da80a59d170caa950cf15c18c454d47a39b26989d8b640ecd745ba71bf5dc
[debug] [38;5;96m[ADB][0m Signer #1 certificate SHA-1 digest: 61ed377e85d386a8dfee6b864bd85b0bfaa5af81
[debug] [38;5;96m[ADB][0m Signer #1 certificate MD5 digest: e89b158e4bcf988ebd09eb83f5378e87
[debug] [38;5;96m[ADB][0m 
[debug] [38;5;96m[ADB][0m sha256 hash did match for 'android-real-debug.apk'
[38;5;96m[ADB][0m '/Users/vigneshthangaraj/Downloads/android-real-debug.apk' is signed with the default certificate
[debug] [38;5;96m[ADB][0m Getting package info for 'com.example.hello_world'
[debug] [38;5;96m[ADB][0m Running '/Users/vigneshthangaraj/Library/Android/sdk/platform-tools/adb -P 5037 -s emulator-5554 shell dumpsys package com.example.hello_world'
[debug] [38;5;96m[ADB][0m The version name of the installed 'com.example.hello_world' is greater or equal to the application version name ('1.0.0' >= '1.0.0')
[debug] [38;5;96m[ADB][0m There is no need to install/upgrade '/Users/vigneshthangaraj/Downloads/android-real-debug.apk'
[38;5;112m[AndroidDriver][0m Performing fast reset on 'com.example.hello_world'
[debug] [38;5;96m[ADB][0m Getting install status for com.example.hello_world
[debug] [38;5;96m[ADB][0m Running '/Users/vigneshthangaraj/Library/Android/sdk/platform-tools/adb -P 5037 -s emulator-5554 shell pm path com.example.hello_world'
[debug] [38;5;96m[ADB][0m 'com.example.hello_world' is installed
[debug] [38;5;96m[ADB][0m Running '/Users/vigneshthangaraj/Library/Android/sdk/platform-tools/adb -P 5037 -s emulator-5554 shell am force-stop com.example.hello_world'
[debug] [38;5;96m[ADB][0m Running '/Users/vigneshthangaraj/Library/Android/sdk/platform-tools/adb -P 5037 -s emulator-5554 shell pm clear com.example.hello_world'
[debug] [38;5;112m[AndroidDriver][0m Performed fast reset on the installed 'com.example.hello_world' application (stop and clear)
[debug] [38;5;64m[AndroidUiautomator2Driver@cda0 (228adf20)][0m Performing shallow cleanup of automation leftovers
[debug] [38;5;64m[AndroidUiautomator2Driver@cda0 (228adf20)][0m No obsolete sessions have been detected (socket hang up)
[debug] [38;5;96m[ADB][0m Running '/Users/vigneshthangaraj/Library/Android/sdk/platform-tools/adb -P 5037 -s emulator-5554 shell am force-stop io.appium.uiautomator2.server.test'
[38;5;64m[AndroidUiautomator2Driver@cda0 (228adf20)][0m Starting UIAutomator2 server 5.12.5
[38;5;64m[AndroidUiautomator2Driver@cda0 (228adf20)][0m Using UIAutomator2 server from '/Users/vigneshthangaraj/Documents/appium_flutter/node_modules/appium-flutter-driver/node_modules/appium-uiautomator2-server/apks/appium-uiautomator2-server-v5.12.5.apk' and test from '/Users/vigneshthangaraj/Documents/appium_flutter/node_modules/appium-flutter-driver/node_modules/appium-uiautomator2-server/apks/appium-uiautomator2-server-debug-androidTest.apk'
[38;5;64m[AndroidUiautomator2Driver@cda0 (228adf20)][0m Waiting up to 30000ms for UiAutomator2 to be online...
[debug] [38;5;96m[ADB][0m Creating ADB subprocess with args: ["-P","5037","-s","emulator-5554","shell","am","instrument","-w","-e","disableAnalytics",true,"io.appium.uiautomator2.server.test/androidx.test.runner.AndroidJUnitRunner"]
[debug] [38;5;64m[AndroidUiautomator2Driver@cda0 (228adf20)][0m Matched '/status' to command name 'getStatus'
[debug] [38;5;64m[AndroidUiautomator2Driver@cda0 (228adf20)][0m Proxying [GET /status] to [GET http://127.0.0.1:8213/status] with no body
[38;5;64m[AndroidUiautomator2Driver@cda0 (228adf20)][0m socket hang up
[debug] [38;5;144m[Instrumentation][0m io.appium.uiautomator2.server.test.AppiumUiAutomator2Server:
[debug] [38;5;64m[AndroidUiautomator2Driver@cda0 (228adf20)][0m Matched '/status' to command name 'getStatus'
[debug] [38;5;64m[AndroidUiautomator2Driver@cda0 (228adf20)][0m Proxying [GET /status] to [GET http://127.0.0.1:8213/status] with no body
[38;5;64m[AndroidUiautomator2Driver@cda0 (228adf20)][0m socket hang up
[debug] [38;5;64m[AndroidUiautomator2Driver@cda0 (228adf20)][0m Matched '/status' to command name 'getStatus'
[debug] [38;5;64m[AndroidUiautomator2Driver@cda0 (228adf20)][0m Proxying [GET /status] to [GET http://127.0.0.1:8213/status] with no body
[debug] [38;5;64m[AndroidUiautomator2Driver@cda0 (228adf20)][0m Got response with status 200: {"sessionId":"None","value":{"message":"UiAutomator2 Server is ready to accept commands","ready":true}}
[debug] [38;5;64m[AndroidUiautomator2Driver@cda0 (228adf20)][0m The initialization of the instrumentation process took 2085ms
[debug] [38;5;64m[AndroidUiautomator2Driver@cda0 (228adf20)][0m Matched '/session' to command name 'createSession'
[debug] [38;5;64m[AndroidUiautomator2Driver@cda0 (228adf20)][0m Proxying [POST /session] to [POST http://127.0.0.1:8213/session] with body: {"capabilities":{"firstMatch":[{"platform":"LINUX","webStorageEnabled":false,"takesScreenshot":true,"javascriptEnabled":true,"databaseEnabled":false,"networkConnectionEnabled":true,"locationContextEnabled":false,"warnings":{},"desired":{"platformName":"Android","deviceName":"Pixel_3a","platformVersion":"14.0","automationName":"Flutter","app":"/Users/vigneshthangaraj/Downloads/android-real-debug.apk","noReset":false},"platformName":"Android","deviceName":"emulator-5554","platformVersion":"14.0","automationName":"Flutter","app":"/Users/vigneshthangaraj/Downloads/android-real-debug.apk","noReset":false,"deviceUDID":"emulator-5554","appPackage":"com.example.hello_world"}],"alwaysMatch":{}}}
[debug] [38;5;64m[AndroidUiautomator2Driver@cda0 (228adf20)][0m Got response with status 200: {"sessionId":"f1461037-929e-419e-87c0-f5c48684d386","value":{"capabilities":{"firstMatch":[{"platform":"LINUX","webStorageEnabled":false,"takesScreenshot":true,"javascriptEnabled":true,"databaseEnabled":false,"networkConnectionEnabled":true,"locationContextEnabled":false,"warnings":{},"desired":{"platformName":"Android","deviceName":"Pixel_3a","platformVersion":"14.0","automationName":"Flutter","app":"/Users/vigneshthangaraj/Downloads/android-real-debug.apk","noReset":false},"platformName":"Android","deviceName":"emulator-5554","platformVersion":"14.0","automationName":"Flutter","app":"/Users/vigneshthangaraj/Downloads/android-real-debug.apk","noReset":false,"deviceUDID":"emulator-5554","appPackage":"com.example.hello_world"}],"alwaysMatch":{}},"sessionId":"f1461037-929e-419e-87c0-f5c48684d386"}}
[38;5;64m[AndroidUiautomator2Driver@cda0 (228adf20)][0m Determined the downstream protocol as 'W3C'
[debug] [38;5;64m[AndroidUiautomator2Driver@cda0 (228adf20)][0m Proxying [GET /appium/device/info] to [GET http://127.0.0.1:8213/session/f1461037-929e-419e-87c0-f5c48684d386/appium/device/info] with no body
[debug] [38;5;64m[AndroidUiautomator2Driver@cda0 (228adf20)][0m Got response with status 200: {"sessionId":"f1461037-929e-419e-87c0-f5c48684d386","value":{"androidId":"1c92d933a7020179","apiVersion":"34","bluetooth":{"state":"ON"},"brand":"google","carrierName":"T-Mobile","displayDensity":440,"locale":"en_US","manufacturer":"Google","model":"sdk_gphone64_arm64","networks":[{"capabilities":{"SSID":null,"linkDownBandwidthKbps":4300,"linkUpstreamBandwidthKbps":1800,"networkCapabilities":"NET_CAPABILITY_MMS,NET_CAPABILITY_SUPL,NET_CAPABILITY_DUN,NET_CAPABILITY_FOTA,NET_CAPABILITY_IMS,NET_CAPABILITY_CBS,NET_CAPABILITY_INTERNET,NET_CAPABILITY_NOT_RESTRICTED,NET_CAPABILITY_TRUSTED,NET_CAPABILITY_NOT_VPN,NET_CAPABILITY_VALIDATED,NET_CAPABILITY_NOT_ROAMING,NET_CAPABILITY_NOT_CONGESTED,NET_CAPABILITY_NOT_SUSPENDED","signalStrength":-2147483648,"transportTypes":"TRANSPORT_CELLULAR"},"detailedState":"CONNECTED","extraInfo":"epc.tmobile.com","isAvailable":true,"isConnected":true,"isFailover":false,"isRoaming":false,"state":"CONNECTED","subtype":10,"subtypeName":"HSPA","type":0,"typeName":"MOBILE"},{"capabilitie...
[debug] [38;5;96m[ADB][0m Running '/Users/vigneshthangaraj/Library/Android/sdk/platform-tools/adb -P 5037 -s emulator-5554 shell dumpsys window'
[38;5;112m[AndroidDriver][0m Screen already unlocked, doing nothing
[38;5;64m[AndroidUiautomator2Driver@cda0 (228adf20)][0m Starting 'com.example.hello_world/com.example.hello_world.MainActivity and waiting for 'com.example.hello_world/com.example.hello_world.MainActivity'
[debug] [38;5;96m[ADB][0m Running '/Users/vigneshthangaraj/Library/Android/sdk/platform-tools/adb -P 5037 -s emulator-5554 shell am start -W -n com.example.hello_world/com.example.hello_world.MainActivity -S -a android.intent.action.MAIN -c android.intent.category.LAUNCHER -f 0x10200000'
[debug] [38;5;96m[ADB][0m Waiting up to 20000ms for activity matching pkg: 'com.example.hello_world' and activity: 'com.example.hello_world.MainActivity' to be focused
[debug] [38;5;96m[ADB][0m Possible activities, to be checked: 'com.example.hello_world.MainActivity', 'com.example.hello_world.com.example.hello_world.MainActivity'
[debug] [38;5;96m[ADB][0m Getting focused package and activity
[debug] [38;5;96m[ADB][0m Running '/Users/vigneshthangaraj/Library/Android/sdk/platform-tools/adb -P 5037 -s emulator-5554 shell dumpsys window displays'
[debug] [38;5;96m[ADB][0m Found package: 'com.example.hello_world' and fully qualified activity name : 'com.example.hello_world.MainActivity'
[debug] [38;5;64m[AndroidUiautomator2Driver@cda0 (228adf20)][0m Proxying [GET /appium/device/pixel_ratio] to [GET http://127.0.0.1:8213/session/f1461037-929e-419e-87c0-f5c48684d386/appium/device/pixel_ratio] with no body
[debug] [38;5;64m[AndroidUiautomator2Driver@cda0 (228adf20)][0m Got response with status 200: {"sessionId":"f1461037-929e-419e-87c0-f5c48684d386","value":2.75}
[debug] [38;5;64m[AndroidUiautomator2Driver@cda0 (228adf20)][0m Matched '/appium/device/system_bars' to command name 'getSystemBars'
[debug] [38;5;64m[AndroidUiautomator2Driver@cda0 (228adf20)][0m Proxying [GET /appium/device/system_bars] to [GET http://127.0.0.1:8213/session/f1461037-929e-419e-87c0-f5c48684d386/appium/device/system_bars] with no body
[debug] [38;5;64m[AndroidUiautomator2Driver@cda0 (228adf20)][0m Got response with status 200: {"sessionId":"f1461037-929e-419e-87c0-f5c48684d386","value":{"statusBar":66}}
[debug] [38;5;64m[AndroidUiautomator2Driver@cda0 (228adf20)][0m Matched '/window/current/size' to command name 'getWindowSize'
[debug] [38;5;64m[AndroidUiautomator2Driver@cda0 (228adf20)][0m Proxying [GET /window/current/size] to [GET http://127.0.0.1:8213/session/f1461037-929e-419e-87c0-f5c48684d386/window/current/size] with no body
[debug] [38;5;64m[AndroidUiautomator2Driver@cda0 (228adf20)][0m Got response with status 200: {"sessionId":"f1461037-929e-419e-87c0-f5c48684d386","value":{"height":2154,"width":1080}}
[debug] [38;5;48m[FlutterDriver][0m Establishing a connection to the Dart Observatory. Will retry 10 times with 3000ms delay between retries. These values could be customized by changing 'maxRetryCount' and 'retryBackoffTime' capabilities.
[38;5;48m[FlutterDriver][0m Attempt #1 of 10
[debug] [38;5;96m[ADB][0m Forwarding system: 33951 to device: 33951
[debug] [38;5;96m[ADB][0m Running '/Users/vigneshthangaraj/Library/Android/sdk/platform-tools/adb -P 5037 -s emulator-5554 forward tcp:33951 tcp:33951'
[38;5;48m[FlutterDriver][0m Connecting to Dart Observatory: ws://127.0.0.1:33951/Zmklfe8YhW0=/ws
[38;5;48m[FlutterDriver][0m Listing all isolates: [{"type":"@Isolate","id":"isolates/196277315","name":"main","number":"196277315"}]
[38;5;48m[FlutterDriver][0m "ext.flutter.driver" is not found in "extensionRPCs" ["ext.ui.window.scheduleFrame"]
[38;5;48m[FlutterDriver][0m Waiting 3000ms before retrying
[38;5;48m[FlutterDriver][0m Attempt #2 of 10
[debug] [38;5;96m[ADB][0m Forwarding system: 33951 to device: 33951
[debug] [38;5;96m[ADB][0m Running '/Users/vigneshthangaraj/Library/Android/sdk/platform-tools/adb -P 5037 -s emulator-5554 forward tcp:33951 tcp:33951'
[38;5;48m[FlutterDriver][0m Connecting to Dart Observatory: ws://127.0.0.1:33951/Zmklfe8YhW0=/ws
[38;5;48m[FlutterDriver][0m Listing all isolates: [{"type":"@Isolate","id":"isolates/196277315","name":"main","number":"196277315"}]
[38;5;16m[AppiumDriver@83d8][0m New FlutterDriver session created successfully, session 069c1d13-8fa0-4349-93ae-183f704d4f22 added to master session list
[debug] [38;5;16m[AppiumDriver@83d8][0m Event 'newSessionStarted' logged at 1696048131614 (09:58:51 GMT+0530 (India Standard Time))
[debug] [38;5;32m[FlutterDriver@55c7 (069c1d13)][0m Cached the protocol value 'W3C' for the new session 069c1d13-8fa0-4349-93ae-183f704d4f22
[debug] [38;5;32m[FlutterDriver@55c7 (069c1d13)][0m Responding to client with driver.createSession() result: {"capabilities":{"subcommand":"server","address":"0.0.0.0","basePath":"/","port":4723,"extraArgs":[],"allowCors":false,"allowInsecure":[],"callbackPort":4723,"debugLogSpacing":false,"denyInsecure":[],"keepAliveTimeout":600,"localTimezone":false,"loglevel":"debug","logNoColors":false,"logTimestamp":false,"longStacktrace":false,"noPermsCheck":false,"relaxedSecurityEnabled":false,"sessionOverride":false,"strictCaps":false,"useDrivers":[],"usePlugins":[],"tmpDir":"/var/folders/b5/80vfs5v90ls8qd48rngnk0qm0000gn/T","platformName":"Android","deviceName":"Pixel_3a","platformVersion":"14.0","automationName":"Flutter","app":"/Users/vigneshthangaraj/Downloads/android-real-debug.apk","noReset":false,"fastReset":true,"skipUninstall":true}}
[38;5;0m[HTTP][0m [37m<-- POST /session [39m[32m200[39m [90m10421 ms - 797[39m
[38;5;0m[HTTP][0m [90m[39m
[38;5;0m[HTTP][0m [37m-->[39m [37mPOST[39m [37m/wd/hub/session[39m
[38;5;0m[HTTP][0m [90m{"capabilities":{"alwaysMatch":[{"platformName":"Android","appium:deviceName":"Pixel_3a","appium:platformVersion":"14.0","appium:automationName":"Flutter","appium:app":"/Users/vigneshthangaraj/Downloads/android-real-debug.apk","appium:noReset":false}],"firstMatch":[{}]},"desiredCapabilities":[{"platformName":"Android","appium:deviceName":"Pixel_3a","appium:platformVersion":"14.0","appium:automationName":"Flutter","appium:app":"/Users/vigneshthangaraj/Downloads/android-real-debug.apk","appium:noReset":false}]}[39m
[debug] [38;5;0m[HTTP][0m No route found for /wd/hub/session
[38;5;0m[HTTP][0m [37m<-- POST /wd/hub/session [39m[33m404[39m [90m11 ms - 211[39m
[38;5;0m[HTTP][0m [90m[39m
[38;5;0m[HTTP][0m [37m-->[39m [37mPOST[39m [37m/wd/hub/session[39m
[38;5;0m[HTTP][0m [90m{"capabilities":{"alwaysMatch":[{"platformName":"Android","appium:deviceName":"Pixel_3a","appium:platformVersion":"14.0","appium:automationName":"Flutter","appium:app":"/Users/vigneshthangaraj/Downloads/android-real-debug.apk","appium:noReset":false}],"firstMatch":[{}]},"desiredCapabilities":[{"platformName":"Android","appium:deviceName":"Pixel_3a","appium:platformVersion":"14.0","appium:automationName":"Flutter","appium:app":"/Users/vigneshthangaraj/Downloads/android-real-debug.apk","appium:noReset":false}]}[39m
[debug] [38;5;0m[HTTP][0m No route found for /wd/hub/session
[38;5;0m[HTTP][0m [37m<-- POST /wd/hub/session [39m[33m404[39m [90m20 ms - 211[39m
[38;5;0m[HTTP][0m [90m[39m
[38;5;0m[HTTP][0m [37m-->[39m [37mPOST[39m [37m/wd/hub/session[39m
[38;5;0m[HTTP][0m [90m{"capabilities":{"alwaysMatch":[{"platformName":"Android","appium:deviceName":"Pixel_3a","appium:platformVersion":"14.0","appium:automationName":"Flutter","appium:app":"/Users/vigneshthangaraj/Downloads/android-real-debug.apk","appium:noReset":false}],"firstMatch":[{}]},"desiredCapabilities":[{"platformName":"Android","appium:deviceName":"Pixel_3a","appium:platformVersion":"14.0","appium:automationName":"Flutter","appium:app":"/Users/vigneshthangaraj/Downloads/android-real-debug.apk","appium:noReset":false}]}[39m
[debug] [38;5;0m[HTTP][0m No route found for /wd/hub/session
[38;5;0m[HTTP][0m [37m<-- POST /wd/hub/session [39m[33m404[39m [90m10 ms - 211[39m
[38;5;0m[HTTP][0m [90m[39m
[38;5;0m[HTTP][0m [37m-->[39m [37mPOST[39m [37m/wd/hub/session[39m
[38;5;0m[HTTP][0m [90m{"capabilities":{"alwaysMatch":[{"platformName":"Android","appium:deviceName":"Pixel_3a","appium:platformVersion":"14.0","appium:automationName":"Flutter","appium:app":"/Users/vigneshthangaraj/Downloads/android-real-debug.apk","appium:noReset":false}],"firstMatch":[{}]},"desiredCapabilities":[{"platformName":"Android","appium:deviceName":"Pixel_3a","appium:platformVersion":"14.0","appium:automationName":"Flutter","appium:app":"/Users/vigneshthangaraj/Downloads/android-real-debug.apk","appium:noReset":false}]}[39m
[debug] [38;5;0m[HTTP][0m No route found for /wd/hub/session
[38;5;0m[HTTP][0m [37m<-- POST /wd/hub/session [39m[33m404[39m [90m2 ms - 211[39m
[38;5;0m[HTTP][0m [90m[39m
[38;5;0m[HTTP][0m [37m-->[39m [37mDELETE[39m [37m/session/069c1d13-8fa0-4349-93ae-183f704d4f22[39m
[38;5;0m[HTTP][0m [90m{}[39m
[debug] [38;5;32m[FlutterDriver@55c7 (069c1d13)][0m Calling AppiumDriver.deleteSession() with args: ["069c1d13-8fa0-4349-93ae-183f704d4f22"]
[debug] [38;5;16m[AppiumDriver@83d8][0m Event 'quitSessionRequested' logged at 1696048131771 (09:58:51 GMT+0530 (India Standard Time))
[38;5;16m[AppiumDriver@83d8][0m Removing session 069c1d13-8fa0-4349-93ae-183f704d4f22 from our master session list
[debug] [38;5;32m[FlutterDriver@55c7 (069c1d13)][0m Deleting Flutter Driver session
[debug] [38;5;64m[AndroidUiautomator2Driver@cda0 (228adf20)][0m Deleting UiAutomator2 session
[debug] [38;5;64m[AndroidUiautomator2Driver@cda0 (228adf20)][0m Deleting UiAutomator2 server session
[debug] [38;5;64m[AndroidUiautomator2Driver@cda0 (228adf20)][0m Matched '/' to command name 'deleteSession'
[debug] [38;5;64m[AndroidUiautomator2Driver@cda0 (228adf20)][0m Proxying [DELETE /] to [DELETE http://127.0.0.1:8213/session/f1461037-929e-419e-87c0-f5c48684d386] with no body
[debug] [38;5;64m[AndroidUiautomator2Driver@cda0 (228adf20)][0m Got response with status 200: {"sessionId":"f1461037-929e-419e-87c0-f5c48684d386","value":null}
[debug] [38;5;96m[ADB][0m Running '/Users/vigneshthangaraj/Library/Android/sdk/platform-tools/adb -P 5037 -s emulator-5554 shell dumpsys activity services io.appium.settings/.recorder.RecorderService'
[debug] [38;5;96m[ADB][0m Running '/Users/vigneshthangaraj/Library/Android/sdk/platform-tools/adb -P 5037 -s emulator-5554 shell am force-stop com.example.hello_world'
[38;5;48m[FlutterDriver][0m Connection to ws://127.0.0.1:33951/Zmklfe8YhW0=/ws closed
[38;5;48m[FlutterDriver][0m Connection to ws://127.0.0.1:33951/Zmklfe8YhW0=/ws closed
[debug] [38;5;128m[Logcat][0m Stopping logcat capture
[debug] [38;5;96m[ADB][0m Removing forwarded port socket connection: 8213 
[debug] [38;5;96m[ADB][0m Running '/Users/vigneshthangaraj/Library/Android/sdk/platform-tools/adb -P 5037 -s emulator-5554 forward --remove tcp:8213'
[38;5;64m[AndroidUiautomator2Driver@cda0 (228adf20)][0m Restoring hidden api policy to the device default configuration
[debug] [38;5;96m[ADB][0m Running '/Users/vigneshthangaraj/Library/Android/sdk/platform-tools/adb -P 5037 -s emulator-5554 shell 'settings delete global hidden_api_policy_pre_p_apps;settings delete global hidden_api_policy_p_apps;settings delete global hidden_api_policy''
[debug] [38;5;144m[Instrumentation][0m .
[debug] [38;5;16m[AppiumDriver@83d8][0m Event 'quitSessionFinished' logged at 1696048132213 (09:58:52 GMT+0530 (India Standard Time))
[debug] [38;5;16m[AppiumDriver@83d8][0m Received response: null
[debug] [38;5;16m[AppiumDriver@83d8][0m But deleting session, so not returning
[debug] [38;5;16m[AppiumDriver@83d8][0m Responding to client with driver.deleteSession() result: null
[38;5;0m[HTTP][0m [37m<-- DELETE /session/069c1d13-8fa0-4349-93ae-183f704d4f22 [39m[32m200[39m [90m443 ms - 14[39m
[38;5;0m[HTTP][0m [90m[39m
[debug] [38;5;144m[Instrumentation][0m Time: 7.039
[debug] [38;5;144m[Instrumentation][0m 
[debug] [38;5;144m[Instrumentation][0m OK (1 test)
[debug] [38;5;144m[Instrumentation][0m The process has exited with code 0
[35m[Appium][39m Received SIGTERM - shutting down
[debug] [38;5;16m[AppiumDriver@83d8][0m There are no active sessions for cleanup
[38;5;0m[HTTP][0m Waiting until the server is closed
[38;5;0m[HTTP][0m Received server close event
